<?xml version="1.0" encoding="UTF-8"?>
<!-- Generated by org.testng.reporters.JUnitXMLReporter -->
<testsuite ignored="0" hostname="Mohan-Krishna" failures="0" tests="5" name="Default test" time="0.09" errors="0" timestamp="2021-02-19T18:56:19 IST">
  <testcase classname="testNG.ex3" name="mobileloginCarloan" time="0.008"/>
  <testcase classname="testNG.ex3" name="webloginCarloan" time="0.001"/>
  <testcase classname="testNG.ex3" name="webloginCarloan" time="0.002"/>
  <testcase classname="testNG.ex3" name="webloginCarloan" time="0.003"/>
  <testcase classname="testNG.ex3" name="apiloginCarloan" time="0.002"/>
</testsuite> <!-- Default test -->
