<?xml version="1.0" encoding="UTF-8"?>
<!-- Generated by org.testng.reporters.JUnitXMLReporter -->
<testsuite ignored="0" hostname="Mohan-Krishna" failures="0" tests="5" name="Car Loan" time="0.145" errors="0" timestamp="2021-02-19T19:58:05 IST">
  <testcase classname="testNG.ex3" name="mobileloginCarloan" time="0.005"/>
  <testcase classname="testNG.ex3" name="webloginCarloan" time="0.004"/>
  <testcase classname="testNG.ex3" name="webloginCarloan" time="0.011"/>
  <testcase classname="testNG.ex3" name="webloginCarloan" time="0.003"/>
  <testcase classname="testNG.ex3" name="apiloginCarloan" time="0.003"/>
</testsuite> <!-- Car Loan -->
