<?xml version="1.0" encoding="UTF-8"?>
<!-- Generated by org.testng.reporters.JUnitXMLReporter -->
<testsuite ignored="0" hostname="Mohan-Krishna" failures="0" tests="3" name="Home Loan" time="0.093" errors="0" timestamp="2021-02-19T19:58:05 IST">
  <testcase classname="testNG.ex4" name="apiloginHomeloan" time="0.01"/>
  <testcase classname="testNG.ex4" name="mobileloginHomeloan" time="0.014"/>
  <testcase classname="testNG.ex4" name="webloginHomeloan" time="0.002"/>
</testsuite> <!-- Home Loan -->
