<?xml version="1.0" encoding="UTF-8"?>
<!-- Generated by org.testng.reporters.JUnitXMLReporter -->
<testsuite ignored="2" hostname="Mohan-Krishna" failures="0" tests="1" name="Personal Loan" time="0.065" errors="0" timestamp="2021-02-19T19:58:05 IST">
  <testcase classname="testNG.ex2" name="plan" time="0.014"/>
  <testcase classname="testNG.ex1" name="secondTest" time="0.0">
    <ignored/>
  </testcase> <!-- secondTest -->
  <testcase classname="testNG.ex1" name="firstTest" time="0.0">
    <ignored/>
  </testcase> <!-- firstTest -->
</testsuite> <!-- Personal Loan -->
