<?xml version="1.0" encoding="UTF-8"?>
<!-- Generated by org.testng.reporters.JUnitXMLReporter -->
<testsuite ignored="6" hostname="Mohan-Krishna" failures="0" tests="3" name="Regression" time="0.068" errors="0" timestamp="2021-02-19T16:17:49 IST">
  <testcase classname="testNG.ex2" name="plan" time="0.012"/>
  <testcase classname="testNG.ex3" name="mobileloginCarloan" time="0.002"/>
  <testcase classname="testNG.ex4" name="mobileloginHomeloan" time="0.003"/>
  <testcase classname="testNG.ex4" name="apiloginHomeloan" time="0.0">
    <ignored/>
  </testcase> <!-- apiloginHomeloan -->
  <testcase classname="testNG.ex1" name="secondTest" time="0.0">
    <ignored/>
  </testcase> <!-- secondTest -->
  <testcase classname="testNG.ex3" name="apiloginCarloan" time="0.0">
    <ignored/>
  </testcase> <!-- apiloginCarloan -->
  <testcase classname="testNG.ex4" name="webloginHomeloan" time="0.0">
    <ignored/>
  </testcase> <!-- webloginHomeloan -->
  <testcase classname="testNG.ex3" name="webloginCarloan" time="0.0">
    <ignored/>
  </testcase> <!-- webloginCarloan -->
  <testcase classname="testNG.ex1" name="firstTest" time="0.0">
    <ignored/>
  </testcase> <!-- firstTest -->
</testsuite> <!-- Regression -->
