<?xml version="1.0" encoding="UTF-8"?>
<testng-results ignored="0" total="2" passed="2" failed="0" skipped="0">
  <reporter-output>
  </reporter-output>
  <suite started-at="2020-10-10T17:31:37Z" name="FileUpload" finished-at="2020-10-10T17:31:53Z" duration-ms="16080">
    <groups>
    </groups>
    <test started-at="2020-10-10T17:31:37Z" name="TC" finished-at="2020-10-10T17:31:53Z" duration-ms="16080">
      <class name="com.TargetBay.testCases.TC_FileUpload_001">
        <test-method is-config="true" signature="setup()[pri:0, instance:com.TargetBay.testCases.TC_FileUpload_001@379614be]" started-at="2020-10-10T17:31:37Z" name="setup" finished-at="2020-10-10T17:31:43Z" duration-ms="6030" status="PASS">
          <reporter-output>
          </reporter-output>
        </test-method> <!-- setup -->
        <test-method signature="FileUploadTest()[pri:0, instance:com.TargetBay.testCases.TC_FileUpload_001@379614be]" started-at="2020-10-10T17:31:43Z" name="FileUploadTest" finished-at="2020-10-10T17:31:44Z" duration-ms="1260" status="PASS">
          <reporter-output>
          </reporter-output>
        </test-method> <!-- FileUploadTest -->
        <test-method is-config="true" signature="tearDown()[pri:0, instance:com.TargetBay.testCases.TC_FileUpload_001@379614be]" started-at="2020-10-10T17:31:44Z" name="tearDown" finished-at="2020-10-10T17:31:44Z" duration-ms="130" status="PASS">
          <reporter-output>
          </reporter-output>
        </test-method> <!-- tearDown -->
      </class> <!-- com.TargetBay.testCases.TC_FileUpload_001 -->
      <class name="com.TargetBay.testCases.TC_Formfillup_002">
        <test-method is-config="true" signature="setup()[pri:0, instance:com.TargetBay.testCases.TC_Formfillup_002@404bbcbd]" started-at="2020-10-10T17:31:44Z" name="setup" finished-at="2020-10-10T17:31:50Z" duration-ms="5509" status="PASS">
          <reporter-output>
          </reporter-output>
        </test-method> <!-- setup -->
        <test-method signature="FormfillupTest()[pri:0, instance:com.TargetBay.testCases.TC_Formfillup_002@404bbcbd]" started-at="2020-10-10T17:31:50Z" name="FormfillupTest" finished-at="2020-10-10T17:31:53Z" duration-ms="2932" status="PASS">
          <reporter-output>
          </reporter-output>
        </test-method> <!-- FormfillupTest -->
        <test-method is-config="true" signature="tearDown()[pri:0, instance:com.TargetBay.testCases.TC_Formfillup_002@404bbcbd]" started-at="2020-10-10T17:31:53Z" name="tearDown" finished-at="2020-10-10T17:31:53Z" duration-ms="167" status="PASS">
          <reporter-output>
          </reporter-output>
        </test-method> <!-- tearDown -->
      </class> <!-- com.TargetBay.testCases.TC_Formfillup_002 -->
    </test> <!-- TC -->
  </suite> <!-- FileUpload -->
</testng-results>
